[debug] [2022-11-04T13:42:00.810Z] ----------------------------------------------------------------------
[debug] [2022-11-04T13:42:00.816Z] Command:       C:\Program Files\nodejs\node.exe C:\Users\Asus'\AppData\Roaming\npm\node_modules\firebase-tools\lib\bin\firebase.js init hosting
[debug] [2022-11-04T13:42:00.817Z] CLI Version:   11.16.0
[debug] [2022-11-04T13:42:00.817Z] Platform:      win32
[debug] [2022-11-04T13:42:00.818Z] Node Version:  v16.13.1
[debug] [2022-11-04T13:42:00.827Z] Time:          Fri Nov 04 2022 15:42:00 GMT+0200 (Eastern European Standard Time)
[debug] [2022-11-04T13:42:00.828Z] ----------------------------------------------------------------------
[debug] 
[debug] [2022-11-04T13:42:00.838Z] >>> [apiv2][query] GET https://firebase-public.firebaseio.com/cli.json [none]
[debug] [2022-11-04T13:42:00.872Z] > command requires scopes: ["email","openid","https://www.googleapis.com/auth/cloudplatformprojects.readonly","https://www.googleapis.com/auth/firebase","https://www.googleapis.com/auth/cloud-platform"]
[debug] [2022-11-04T13:42:00.873Z] > authorizing via signed-in user (toantim.developer@gmail.com)
[info] 
     ######## #### ########  ######## ########     ###     ######  ########
     ##        ##  ##     ## ##       ##     ##  ##   ##  ##       ##
     ######    ##  ########  ######   ########  #########  ######  ######
     ##        ##  ##    ##  ##       ##     ## ##     ##       ## ##
     ##       #### ##     ## ######## ########  ##     ##  ######  ########

You're about to initialize a Firebase project in this directory:

  D:\11.FullStackWebDevelopment\Web_project_02\client

[debug] [2022-11-04T13:42:01.353Z] <<< [apiv2][status] GET https://firebase-public.firebaseio.com/cli.json 200
[debug] [2022-11-04T13:42:01.354Z] <<< [apiv2][body] GET https://firebase-public.firebaseio.com/cli.json {"cloudBuildErrorAfter":1594252800000,"cloudBuildWarnAfter":1590019200000,"defaultNode10After":1594252800000,"minVersion":"3.0.5","node8DeploysDisabledAfter":1613390400000,"node8RuntimeDisabledAfter":1615809600000,"node8WarnAfter":1600128000000}
[info] 
=== Project Setup
[info] 
[info] First, let's associate this project directory with a Firebase project.
[info] You can create multiple project aliases by running firebase use --add, 
[info] but for now we'll just set up a default project.
[info] 
